# JRE version: OpenJDK Runtime Environment Temurin-25.0.2+10 (25.0.2+10) (build 25.0.2+10-LTS)
# Java VM: OpenJDK 64-Bit Server VM Temurin-25.0.2+10 (25.0.2+10-LTS, mixed mode, sharing, tiered, compressed oops, compressed class ptrs, parallel gc, windows-amd64)
GC Precious Log:
 CardTable entry size: 512
 CPUs: 4 total, 4 available
 Memory: 7934M
 Large Page Support: Disabled
 NUMA Support: Disabled
 Compressed Oops: Enabled (32-bit)
 Alignments: Space 512K, Generation 512K, Heap 2M
 Heap Min Capacity: 100M
 Heap Initial Capacity: 100M
 Heap Max Capacity: 2G
 Pre-touch: Disabled
 Parallel Workers: 4
Heap:
 PSYoungGen      total 36864K, used 16671K [0x00000000d5580000, 0x00000000d8500000, 0x0000000100000000)
  eden space 34816K, 42% used [0x00000000d5580000,0x00000000d63e1428,0x00000000d7780000)
  from space 2048K, 95% used [0x00000000d8300000,0x00000000d84e6920,0x00000000d8500000)
  to   space 4608K, 0% used [0x00000000d7c00000,0x00000000d7c00000,0x00000000d8080000)
 ParOldGen       total 610816K, used 144455K [0x0000000080000000, 0x00000000a5480000, 0x00000000d5580000)
  object space 610816K, 23% used [0x0000000080000000,0x0000000088d11f88,0x00000000a5480000)
GC Heap Usage History (20 events):
Event: 6450.789 {heap Before GC invocations=508 (full 5):
 PSYoungGen      total 38400K, used 38144K [0x00000000d5580000, 0x00000000d7f80000, 0x0000000100000000)
  eden space 36352K, 100% used [0x00000000d5580000,0x00000000d7900000,0x00000000d7900000)
  from space 2048K, 87% used [0x00000000d7d80000,0x00000000d7f40000,0x00000000d7f80000)
  to   space 2560K, 0% used [0x00000000d7a80000,0x00000000d7a80000,0x00000000d7d00000)
 ParOldGen       total 610816K, used 129853K [0x0000000080000000, 0x00000000a5480000, 0x00000000d558Event: 6450.931 {heap After GC invocations=508 (full 5):
 PSYoungGen      total 37888K, used 2475K [0x00000000d5580000, 0x00000000d7e00000, 0x0000000100000000)
  eden space 35328K, 0% used [0x00000000d5580000,0x00000000d5580000,0x00000000d7800000)
  from space 2560K, 96% used [0x00000000d7a80000,0x00000000d7ceaf50,0x00000000d7d00000)
  to   space 1024K, 0% used [0x00000000d7d00000,0x00000000d7d00000,0x00000000d7e00000)
 ParOldGen       total 610816K, used 131518K [0x0000000080000000, 0x00000000a5480000, 0x00000000d5580000Event: 6451.143 {heap Before GC invocations=509 (full 5):
 PSYoungGen      total 37888K, used 37803K [0x00000000d5580000, 0x00000000d7e00000, 0x0000000100000000)
  eden space 35328K, 100% used [0x00000000d5580000,0x00000000d7800000,0x00000000d7800000)
  from space 2560K, 96% used [0x00000000d7a80000,0x00000000d7ceaf50,0x00000000d7d00000)
  to   space 1024K, 0% used [0x00000000d7d00000,0x00000000d7d00000,0x00000000d7e00000)
 ParOldGen       total 610816K, used 131518K [0x0000000080000000, 0x00000000a5480000, 0x00000000d558Event: 6451.155 {heap After GC invocations=509 (full 5):
 PSYoungGen      total 34816K, used 202K [0x00000000d5580000, 0x00000000d7d80000, 0x0000000100000000)
  eden space 34304K, 0% used [0x00000000d5580000,0x00000000d5580000,0x00000000d7700000)
  from space 512K, 39% used [0x00000000d7d00000,0x00000000d7d32808,0x00000000d7d80000)
  to   space 1536K, 0% used [0x00000000d7a80000,0x00000000d7a80000,0x00000000d7c00000)
 ParOldGen       total 610816K, used 132662K [0x0000000080000000, 0x00000000a5480000, 0x00000000d5580000)
Event: 6451.259 {heap Before GC invocations=510 (full 5):
 PSYoungGen      total 34816K, used 34078K [0x00000000d5580000, 0x00000000d7d80000, 0x0000000100000000)
  eden space 34304K, 98% used [0x00000000d5580000,0x00000000d7695310,0x00000000d7700000)
  from space 512K, 39% used [0x00000000d7d00000,0x00000000d7d32808,0x00000000d7d80000)
  to   space 1536K, 0% used [0x00000000d7a80000,0x00000000d7a80000,0x00000000d7c00000)
 ParOldGen       total 610816K, used 132662K [0x0000000080000000, 0x00000000a5480000, 0x00000000d55800Event: 6451.262 {heap After GC invocations=510 (full 5):
 PSYoungGen      total 35328K, used 192K [0x00000000d5580000, 0x00000000d7d80000, 0x0000000100000000)
  eden space 33792K, 0% used [0x00000000d5580000,0x00000000d5580000,0x00000000d7680000)
  from space 1536K, 12% used [0x00000000d7a80000,0x00000000d7ab0000,0x00000000d7c00000)
  to   space 512K, 0% used [0x00000000d7d00000,0x00000000d7d00000,0x00000000d7d80000)
 ParOldGen       total 610816K, used 132710K [0x0000000080000000, 0x00000000a5480000, 0x00000000d5580000)
Event: 6457.383 {heap Before GC invocations=511 (full 5):
 PSYoungGen      total 35328K, used 33984K [0x00000000d5580000, 0x00000000d7d80000, 0x0000000100000000)
  eden space 33792K, 100% used [0x00000000d5580000,0x00000000d7680000,0x00000000d7680000)
  from space 1536K, 12% used [0x00000000d7a80000,0x00000000d7ab0000,0x00000000d7c00000)
  to   space 512K, 0% used [0x00000000d7d00000,0x00000000d7d00000,0x00000000d7d80000)
 ParOldGen       total 610816K, used 132710K [0x0000000080000000, 0x00000000a5480000, 0x00000000d5580Event: 6457.389 {heap After GC invocations=511 (full 5):
 PSYoungGen      total 33792K, used 497K [0x00000000d5580000, 0x00000000d7d80000, 0x0000000100000000)
  eden space 33280K, 0% used [0x00000000d5580000,0x00000000d5580000,0x00000000d7600000)
  from space 512K, 97% used [0x00000000d7d00000,0x00000000d7d7c4d0,0x00000000d7d80000)
  to   space 1024K, 0% used [0x00000000d7b80000,0x00000000d7b80000,0x00000000d7c80000)
 ParOldGen       total 610816K, used 132800K [0x0000000080000000, 0x00000000a5480000, 0x00000000d5580000)
Event: 6457.522 {heap Before GC invocations=512 (full 5):
 PSYoungGen      total 33792K, used 33777K [0x00000000d5580000, 0x00000000d7d80000, 0x0000000100000000)
  eden space 33280K, 100% used [0x00000000d5580000,0x00000000d7600000,0x00000000d7600000)
  from space 512K, 97% used [0x00000000d7d00000,0x00000000d7d7c4d0,0x00000000d7d80000)
  to   space 1024K, 0% used [0x00000000d7b80000,0x00000000d7b80000,0x00000000d7c80000)
 ParOldGen       total 610816K, used 132800K [0x0000000080000000, 0x00000000a5480000, 0x00000000d5580Event: 6457.529 {heap After GC invocations=512 (full 5):
 PSYoungGen      total 33792K, used 1022K [0x00000000d5580000, 0x00000000d7d80000, 0x0000000100000000)
  eden space 32768K, 0% used [0x00000000d5580000,0x00000000d5580000,0x00000000d7580000)
  from space 1024K, 99% used [0x00000000d7b80000,0x00000000d7c7fa40,0x00000000d7c80000)
  to   space 1024K, 0% used [0x00000000d7c80000,0x00000000d7c80000,0x00000000d7d80000)
 ParOldGen       total 610816K, used 133650K [0x0000000080000000, 0x00000000a5480000, 0x00000000d5580000Event: 6457.646 {heap Before GC invocations=513 (full 5):
 PSYoungGen      total 33792K, used 33790K [0x00000000d5580000, 0x00000000d7d80000, 0x0000000100000000)
  eden space 32768K, 100% used [0x00000000d5580000,0x00000000d7580000,0x00000000d7580000)
  from space 1024K, 99% used [0x00000000d7b80000,0x00000000d7c7fa40,0x00000000d7c80000)
  to   space 1024K, 0% used [0x00000000d7c80000,0x00000000d7c80000,0x00000000d7d80000)
 ParOldGen       total 610816K, used 133650K [0x0000000080000000, 0x00000000a5480000, 0x00000000d558Event: 6457.659 {heap After GC invocations=513 (full 5):
 PSYoungGen      total 33280K, used 761K [0x00000000d5580000, 0x00000000d7d80000, 0x0000000100000000)
  eden space 32256K, 0% used [0x00000000d5580000,0x00000000d5580000,0x00000000d7500000)
  from space 1024K, 74% used [0x00000000d7c80000,0x00000000d7d3e4f8,0x00000000d7d80000)
  to   space 1536K, 0% used [0x00000000d7a80000,0x00000000d7a80000,0x00000000d7c00000)
 ParOldGen       total 610816K, used 134526K [0x0000000080000000, 0x00000000a5480000, 0x00000000d5580000)Event: 6457.812 {heap Before GC invocations=514 (full 5):
 PSYoungGen      total 33280K, used 33017K [0x00000000d5580000, 0x00000000d7d80000, 0x0000000100000000)
  eden space 32256K, 100% used [0x00000000d5580000,0x00000000d7500000,0x00000000d7500000)
  from space 1024K, 74% used [0x00000000d7c80000,0x00000000d7d3e4f8,0x00000000d7d80000)
  to   space 1536K, 0% used [0x00000000d7a80000,0x00000000d7a80000,0x00000000d7c00000)
 ParOldGen       total 610816K, used 134526K [0x0000000080000000, 0x00000000a5480000, 0x00000000d558Event: 6457.821 {heap After GC invocations=514 (full 5):
 PSYoungGen      total 39424K, used 640K [0x00000000d5580000, 0x00000000d7d00000, 0x0000000100000000)
  eden space 37888K, 0% used [0x00000000d5580000,0x00000000d5580000,0x00000000d7a80000)
  from space 1536K, 41% used [0x00000000d7a80000,0x00000000d7b20000,0x00000000d7c00000)
  to   space 1024K, 0% used [0x00000000d7c00000,0x00000000d7c00000,0x00000000d7d00000)
 ParOldGen       total 610816K, used 135164K [0x0000000080000000, 0x00000000a5480000, 0x00000000d5580000)Event: 6457.942 {heap Before GC invocations=515 (full 5):
 PSYoungGen      total 39424K, used 38528K [0x00000000d5580000, 0x00000000d7d00000, 0x0000000100000000)
  eden space 37888K, 100% used [0x00000000d5580000,0x00000000d7a80000,0x00000000d7a80000)
  from space 1536K, 41% used [0x00000000d7a80000,0x00000000d7b20000,0x00000000d7c00000)
  to   space 1024K, 0% used [0x00000000d7c00000,0x00000000d7c00000,0x00000000d7d00000)
 ParOldGen       total 610816K, used 135164K [0x0000000080000000, 0x00000000a5480000, 0x00000000d558Event: 6457.945 {heap After GC invocations=515 (full 5):
 PSYoungGen      total 37888K, used 796K [0x00000000d5580000, 0x00000000d7d00000, 0x0000000100000000)
  eden space 36864K, 0% used [0x00000000d5580000,0x00000000d5580000,0x00000000d7980000)
  from space 1024K, 77% used [0x00000000d7c00000,0x00000000d7cc70b0,0x00000000d7d00000)
  to   space 1024K, 0% used [0x00000000d7b00000,0x00000000d7b00000,0x00000000d7c00000)
 ParOldGen       total 610816K, used 135257K [0x0000000080000000, 0x00000000a5480000, 0x00000000d5580000)Event: 6464.920 {heap Before GC invocations=516 (full 5):
 PSYoungGen      total 37888K, used 37660K [0x00000000d5580000, 0x00000000d7d00000, 0x0000000100000000)
  eden space 36864K, 100% used [0x00000000d5580000,0x00000000d7980000,0x00000000d7980000)
  from space 1024K, 77% used [0x00000000d7c00000,0x00000000d7cc70b0,0x00000000d7d00000)
  to   space 1024K, 0% used [0x00000000d7b00000,0x00000000d7b00000,0x00000000d7c00000)
 ParOldGen       total 610816K, used 135257K [0x0000000080000000, 0x00000000a5480000, 0x00000000d558Event: 6465.100 {heap After GC invocations=516 (full 5):
 PSYoungGen      total 36864K, used 1024K [0x00000000d5580000, 0x00000000d8d80000, 0x0000000100000000)
  eden space 35840K, 0% used [0x00000000d5580000,0x00000000d5580000,0x00000000d7880000)
  from space 1024K, 100% used [0x00000000d7b00000,0x00000000d7c00000,0x00000000d7c00000)
  to   space 10752K, 0% used [0x00000000d8300000,0x00000000d8300000,0x00000000d8d80000)
 ParOldGen       total 610816K, used 143439K [0x0000000080000000, 0x00000000a5480000, 0x00000000d55800Event: 6467.954 {heap Before GC invocations=517 (full 5):
 PSYoungGen      total 36864K, used 36858K [0x00000000d5580000, 0x00000000d8d80000, 0x0000000100000000)
  eden space 35840K, 99% used [0x00000000d5580000,0x00000000d787ea00,0x00000000d7880000)
  from space 1024K, 100% used [0x00000000d7b00000,0x00000000d7c00000,0x00000000d7c00000)
  to   space 10752K, 0% used [0x00000000d8300000,0x00000000d8300000,0x00000000d8d80000)
 ParOldGen       total 610816K, used 143439K [0x0000000080000000, 0x00000000a5480000, 0x00000000d55Event: 6467.972 {heap After GC invocations=517 (full 5):
 PSYoungGen      total 36864K, used 1946K [0x00000000d5580000, 0x00000000d8500000, 0x0000000100000000)
  eden space 34816K, 0% used [0x00000000d5580000,0x00000000d5580000,0x00000000d7780000)
  from space 2048K, 95% used [0x00000000d8300000,0x00000000d84e6920,0x00000000d8500000)
  to   space 4608K, 0% used [0x00000000d7c00000,0x00000000d7c00000,0x00000000d8080000)
 ParOldGen       total 610816K, used 144455K [0x0000000080000000, 0x00000000a5480000, 0x00000000d5580000
Metaspace Usage History (20 events):
Event: 6450.789 {metaspace Before GC invocations=508 (full 5):
 Metaspace       used 93792K, committed 95552K, reserved 1179648K
  class space    used 9798K, committed 10560K, reserved 1048576K
}
Event: 6450.931 {metaspace After GC invocations=508 (full 5):
 Metaspace       used 93792K, committed 95552K, reserved 1179648K
  class space    used 9798K, committed 10560K, reserved 1048576K
}
Event: 6451.143 {metaspace Before GC invocations=509 (full 5):
 Metaspace       used 93792K, committed 95552K, reserved 1179648K
  class space    used 9798K, committed 10560K, reserved 1048576K
}
Event: 6451.155 {metaspace After GC invocations=509 (full 5):
 Metaspace       used 93792K, committed 95552K, reserved 1179648K
  class space    used 9798K, committed 10560K, reserved 1048576K
}
Event: 6451.259 {metaspace Before GC invocations=510 (full 5):
 Metaspace       used 93792K, committed 95552K, reserved 1179648K
  class space    used 9798K, committed 10560K, reserved 1048576K
}
Event: 6451.262 {metaspace After GC invocations=510 (full 5):
 Metaspace       used 93792K, committed 95552K, reserved 1179648K
  class space    used 9798K, committed 10560K, reserved 1048576K
}
Event: 6457.383 {metaspace Before GC invocations=511 (full 5):
 Metaspace       used 94095K, committed 95872K, reserved 1179648K
  class space    used 9821K, committed 10624K, reserved 1048576K
}
Event: 6457.389 {metaspace After GC invocations=511 (full 5):
 Metaspace       used 94095K, committed 95872K, reserved 1179648K
  class space    used 9821K, committed 10624K, reserved 1048576K
}
Event: 6457.522 {metaspace Before GC invocations=512 (full 5):
 Metaspace       used 94101K, committed 95872K, reserved 1179648K
  class space    used 9821K, committed 10624K, reserved 1048576K
}
Event: 6457.529 {metaspace After GC invocations=512 (full 5):
 Metaspace       used 94101K, committed 95872K, reserved 1179648K
  class space    used 9821K, committed 10624K, reserved 1048576K
}
Event: 6457.647 {metaspace Before GC invocations=513 (full 5):
 Metaspace       used 94103K, committed 95872K, reserved 1179648K
  class space    used 9821K, committed 10624K, reserved 1048576K
}
Event: 6457.659 {metaspace After GC invocations=513 (full 5):
 Metaspace       used 94103K, committed 95872K, reserved 1179648K
  class space    used 9821K, committed 10624K, reserved 1048576K
}
Event: 6457.812 {metaspace Before GC invocations=514 (full 5):
 Metaspace       used 94103K, committed 95872K, reserved 1179648K
  class space    used 9821K, committed 10624K, reserved 1048576K
}
Event: 6457.821 {metaspace After GC invocations=514 (full 5):
 Metaspace       used 94103K, committed 95872K, reserved 1179648K
  class space    used 9821K, committed 10624K, reserved 1048576K
}
Event: 6457.942 {metaspace Before GC invocations=515 (full 5):
 Metaspace       used 94104K, committed 95872K, reserved 1179648K
  class space    used 9821K, committed 10624K, reserved 1048576K
}
Event: 6457.945 {metaspace After GC invocations=515 (full 5):
 Metaspace       used 94104K, committed 95872K, reserved 1179648K
  class space    used 9821K, committed 10624K, reserved 1048576K
}
Event: 6464.920 {metaspace Before GC invocations=516 (full 5):
 Metaspace       used 94288K, committed 96000K, reserved 1179648K
  class space    used 9849K, committed 10624K, reserved 1048576K
}
Event: 6465.100 {metaspace After GC invocations=516 (full 5):
 Metaspace       used 94288K, committed 96000K, reserved 1179648K
  class space    used 9849K, committed 10624K, reserved 1048576K
}
Event: 6467.954 {metaspace Before GC invocations=517 (full 5):
 Metaspace       used 95189K, committed 97344K, reserved 1179648K
  class space    used 10024K, committed 11008K, reserved 1048576K
}
Event: 6467.972 {metaspace After GC invocations=517 (full 5):
 Metaspace       used 95189K, committed 97344K, reserved 1179648K
  class space    used 10024K, committed 11008K, reserved 1048576K
}

